<?xml version="1.0" encoding="UTF-8"?>
<testsuite name="example.micronaut.HelloControllerTest" tests="2" skipped="0" failures="0" errors="0" timestamp="2025-11-12T13:51:01" hostname="380831309be9" time="0.321">
  <properties/>
  <testcase name="testCombineName()" classname="example.micronaut.HelloControllerTest" time="0.162"/>
  <testcase name="testHello()" classname="example.micronaut.HelloControllerTest" time="0.158"/>
  <system-out><![CDATA[?[36m13:51:00.772?[0;39m ?[1;30m[Test worker]?[0;39m ?[34mINFO ?[0;39m ?[35mi.m.context.env.DefaultEnvironment?[0;39m - Established active environments: [test]
testing
]]></system-out>
  <system-err><![CDATA[]]></system-err>
</testsuite>
